<?xml version="1.0" encoding="UTF-8" ?>
<testsuite errors="0" failures="0" hostname="DESKTOP-ATVKCUE" name="tests.PrimeNumberTest" skipped="0" tests="1" time="0.04" timestamp="2023-05-31T01:09:15">
  <properties>
    <property name="ant.library.dir" value="C:\Program Files\apache-ant-1.10.13\lib" />
    <property name="env.NUMBER_OF_PROCESSORS" value="24" />
    <property name="env.USERPROFILE" value="C:\Users\Ryan" />
    <property name="java.specification.version" value="18" />
    <property name="ant.project.name" value="Sieve_of_Eratosthenes" />
    <property name="sun.cpu.isalist" value="amd64" />
    <property name="sun.jnu.encoding" value="Cp1252" />
    <property name="sun.arch.data.model" value="64" />
    <property name="debuglevel" value="source,lines,vars" />
    <property name="java.vendor.url" value="https://java.oracle.com/" />
    <property name="env.CommonProgramW6432" value="C:\Program Files\Common Files" />
    <property name="env.OS" value="Windows_NT" />
    <property name="env.CATALINA_HOME" value="C:\apache-tomcat-9.0.68" />
    <property name="sun.boot.library.path" value="C:\Program Files\Java\jdk-18.0.2\bin" />
    <property name="sun.java.command" value="org.apache.tools.ant.taskdefs.optional.junit.JUnitTestRunner tests.PrimeNumberTest skipNonTests=false filtertrace=true haltOnError=false haltOnFailure=false formatter=org.apache.tools.ant.taskdefs.optional.junit.OutErrSummaryJUnitResultFormatter showoutput=false outputtoformatters=true logfailedtests=true threadid=0 logtestlistenerevents=false formatter=org.apache.tools.ant.taskdefs.optional.junit.XMLJUnitResultFormatter,C:\Users\Ryan\Brandeis\Sieve_of_Eratosthenes_Jenkins\junit\TEST-tests.PrimeNumberTest.xml crashfile=C:\Users\Ryan\Brandeis\Sieve_of_Eratosthenes_Jenkins\junitvmwatcher14410373609236932525.properties propsfile=C:\Users\Ryan\Brandeis\Sieve_of_Eratosthenes_Jenkins\junit9534848482372904564.properties" />
    <property name="jdk.debug" value="release" />
    <property name="env.ComSpec" value="C:\Windows\system32\cmd.exe" />
    <property name="sun.stderr.encoding" value="cp437" />
    <property name="java.specification.vendor" value="Oracle Corporation" />
    <property name="env.ANT_CMD_LINE_ARGS" value=" tests" />
    <property name="java.version.date" value="2022-07-19" />
    <property name="env.JAVA_HOME" value="C:\Program Files\Java\jdk-18.0.2" />
    <property name="java.home" value="C:\Program Files\Java\jdk-18.0.2" />
    <property name="basedir" value="C:\Users\Ryan\Brandeis\Sieve_of_Eratosthenes_Jenkins" />
    <property name="env.ProgramFiles" value="C:\Program Files" />
    <property name="file.separator" value="\" />
    <property name="java.vm.compressedOopsMode" value="Zero based" />
    <property name="env.ACSvcPort" value="17532" />
    <property name="line.separator" value="&#xd;&#xa;" />
    <property name="sun.stdout.encoding" value="cp437" />
    <property name="env.PROMPT" value="$P$G" />
    <property name="java.specification.name" value="Java Platform API Specification" />
    <property name="java.vm.specification.vendor" value="Oracle Corporation" />
    <property name="env._JAVACMD" value="C:\Program Files\Java\jdk-18.0.2\bin\java.exe" />
    <property name="env.LOCALAPPDATA" value="C:\Users\Ryan\AppData\Local" />
    <property name="env.USERDOMAIN_ROAMINGPROFILE" value="DESKTOP-ATVKCUE" />
    <property name="env.PROCESSOR_REVISION" value="2102" />
    <property name="user.script" value="" />
    <property name="env.PSModulePath" value="%ProgramFiles%\WindowsPowerShell\Modules;C:\Windows\system32\WindowsPowerShell\v1.0\Modules" />
    <property name="sun.management.compiler" value="HotSpot 64-Bit Tiered Compilers" />
    <property name="env.PROCESSOR_IDENTIFIER" value="AMD64 Family 25 Model 33 Stepping 2, AuthenticAMD" />
    <property name="java.runtime.version" value="18.0.2+9-61" />
    <property name="user.name" value="Ryan" />
    <property name="env.DriverData" value="C:\Windows\System32\Drivers\DriverData" />
    <property name="env.ProgramW6432" value="C:\Program Files" />
    <property name="env.CommonProgramFiles" value="C:\Program Files\Common Files" />
    <property name="env.PUBLIC" value="C:\Users\Public" />
    <property name="file.encoding" value="UTF-8" />
    <property name="env.COMPUTERNAME" value="DESKTOP-ATVKCUE" />
    <property name="env.HOMEPATH" value="\Users\Ryan" />
    <property name="env.APPDATA" value="C:\Users\Ryan\AppData\Roaming" />
    <property name="env.SystemDrive" value="C:" />
    <property name="env.ProgramData" value="C:\ProgramData" />
    <property name="java.io.tmpdir" value="C:\Users\Ryan\AppData\Local\Temp\" />
    <property name="java.version" value="18.0.2" />
    <property name="env.Path" value="C:\Program Files\Java\jdk-11.0.2\bin;C:\Program Files\Java\jdk-18.0.2\bin;C:\Program Files\Common Files\Oracle\Java\javapath;C:\Program Files\Microsoft\jdk-11.0.12.7-hotspot\bin;C:\Windows\system32;C:\Windows;C:\Windows\System32\Wbem;C:\Windows\System32\WindowsPowerShell\v1.0\;C:\Windows\System32\OpenSSH\;C:\Program Files\NVIDIA Corporation\NVIDIA NvDLISR;C:\Program Files\Git\cmd;C:\Program Files\apache-maven-3.8.6\bin;C:\Program Files\dotnet\;C:\Program Files\Microsoft SQL Server\130\Tools\Binn\;C:\Program Files (x86)\GitExtensions\;C:\Program Files (x86)\NVIDIA Corporation\PhysX\Common;C:\apache-tomcat-9.0.68\bin;C:\Program Files\Java\jdk-18.0.2\bin;C:\Program Files\Microsoft SQL Server\120\Tools\Binn\;C:\Program Files\Common Files\Autodesk Shared\;C:\Program Files\apache-ant-1.10.13\bin;C:\Users\Ryan\AppData\Local\Programs\Python\Python310\Scripts\;C:\Users\Ryan\AppData\Local\Programs\Python\Python310\;C:\Users\Ryan\AppData\Local\Microsoft\WindowsApps;C:\Users\Ryan\AppData\Local\Programs\Microsoft VS Code\bin;C:\msys64\mingw64\bin;C:\MinGw\bin;C:\msys64\ucrt64\bin;C:\Users\Ryan\AppData\Local\GitHubDesktop\bin;C:\Program Files\MySQL\MySQL Server 8.0\bin;C:\iverilog\bin;C:\iverilog\gtkwave\bin" />
    <property name="env.HOMEDRIVE" value="C:" />
    <property name="env.PROCESSOR_LEVEL" value="25" />
    <property name="env.ACSetupSvcPort" value="23210" />
    <property name="env.TMP" value="C:\Users\Ryan\AppData\Local\Temp" />
    <property name="java.vm.specification.name" value="Java Virtual Machine Specification" />
    <property name="ant.home" value="C:\Program Files\apache-ant-1.10.13" />
    <property name="sun.os.patch.level" value="" />
    <property name="junit.output.dir" value="junit" />
    <property name="native.encoding" value="Cp1252" />
    <property name="ant.version" value="Apache Ant(TM) version 1.10.13 compiled on January 4 2023" />
    <property name="java.library.path" value="C:\Program Files\Java\jdk-18.0.2\bin;C:\Windows\Sun\Java\bin;C:\Windows\system32;C:\Windows;C:\Program Files\Java\jdk-11.0.2\bin;C:\Program Files\Java\jdk-18.0.2\bin;C:\Program Files\Common Files\Oracle\Java\javapath;C:\Program Files\Microsoft\jdk-11.0.12.7-hotspot\bin;C:\Windows\system32;C:\Windows;C:\Windows\System32\Wbem;C:\Windows\System32\WindowsPowerShell\v1.0\;C:\Windows\System32\OpenSSH\;C:\Program Files\NVIDIA Corporation\NVIDIA NvDLISR;C:\Program Files\Git\cmd;C:\Program Files\apache-maven-3.8.6\bin;C:\Program Files\dotnet\;C:\Program Files\Microsoft SQL Server\130\Tools\Binn\;C:\Program Files (x86)\GitExtensions\;C:\Program Files (x86)\NVIDIA Corporation\PhysX\Common;C:\apache-tomcat-9.0.68\bin;C:\Program Files\Java\jdk-18.0.2\bin;C:\Program Files\Microsoft SQL Server\120\Tools\Binn\;C:\Program Files\Common Files\Autodesk Shared\;C:\Program Files\apache-ant-1.10.13\bin;C:\Users\Ryan\AppData\Local\Programs\Python\Python310\Scripts\;C:\Users\Ryan\AppData\Local\Programs\Python\Python310\;C:\Users\Ryan\AppData\Local\Microsoft\WindowsApps;C:\Users\Ryan\AppData\Local\Programs\Microsoft VS Code\bin;C:\msys64\mingw64\bin;C:\MinGw\bin;C:\msys64\ucrt64\bin;C:\Users\Ryan\AppData\Local\GitHubDesktop\bin;C:\Program Files\MySQL\MySQL Server 8.0\bin;C:\iverilog\bin;C:\iverilog\gtkwave\bin;." />
    <property name="java.vendor" value="Oracle Corporation" />
    <property name="env.LOGONSERVER" value="\\DESKTOP-ATVKCUE" />
    <property name="sun.io.unicode.encoding" value="UnicodeLittle" />
    <property name="ant.file.type" value="file" />
    <property name="java.class.path" value="C:\Users\Ryan\Brandeis\Sieve_of_Eratosthenes_Jenkins\bin;C:\Users\Ryan\.p2\pool\plugins\org.junit_4.13.0.v20200204-1500.jar;C:\Users\Ryan\.p2\pool\plugins\org.hamcrest.core_1.3.0.v20180420-1519.jar;C:\Program Files\apache-ant-1.10.13\lib\ant-launcher.jar;C:\Program Files\apache-ant-1.10.13\lib\ant.jar;C:\Program Files\apache-ant-1.10.13\lib\ant-junit.jar;C:\Program Files\apache-ant-1.10.13\lib\ant-junit4.jar" />
    <property name="ant.file.Sieve_of_Eratosthenes" value="C:\Users\Ryan\Brandeis\Sieve_of_Eratosthenes_Jenkins\build.xml" />
    <property name="source" value="11" />
    <property name="java.vm.vendor" value="Oracle Corporation" />
    <property name="env.MYSQL_HOME" value="C:\Program Files\MySQL\MySQL Server 8.0" />
    <property name="env.PROCESSOR_ARCHITECTURE" value="AMD64" />
    <property name="user.variant" value="" />
    <property name="user.timezone" value="America/Chicago" />
    <property name="env.SystemRoot" value="C:\Windows" />
    <property name="java.vm.specification.version" value="18" />
    <property name="os.name" value="Windows 10" />
    <property name="sun.java.launcher" value="SUN_STANDARD" />
    <property name="user.country" value="US" />
    <property name="env.USERDOMAIN" value="DESKTOP-ATVKCUE" />
    <property name="env.=::" value="::\" />
    <property name="ant.file.type.Sieve_of_Eratosthenes" value="file" />
    <property name="sun.cpu.endian" value="little" />
    <property name="user.home" value="C:\Users\Ryan" />
    <property name="user.language" value="en" />
    <property name="env.ALLUSERSPROFILE" value="C:\ProgramData" />
    <property name="ant.java.version" value="18" />
    <property name="env.MAVEN_HOME" value="C:\Program Files\apache-maven-3.8.6" />
    <property name="env.ANT_HOME" value="C:\Program Files\apache-ant-1.10.13" />
    <property name="env.windir" value="C:\Windows" />
    <property name="java.security.manager" value="allow" />
    <property name="ant.file" value="C:\Users\Ryan\Brandeis\Sieve_of_Eratosthenes_Jenkins\build.xml" />
    <property name="path.separator" value=";" />
    <property name="env.=C:" value="C:\Users\Ryan\Brandeis\Sieve_of_Eratosthenes_Jenkins" />
    <property name="os.version" value="10.0" />
    <property name="env.CommonProgramFiles(x86)" value="C:\Program Files (x86)\Common Files" />
    <property name="java.runtime.name" value="Java(TM) SE Runtime Environment" />
    <property name="env.PATHEXT" value=".COM;.EXE;.BAT;.CMD;.VBS;.VBE;.JS;.JSE;.WSF;.WSH;.MSC" />
    <property name="ant.project.invoked-targets" value="tests" />
    <property name="env._USE_CLASSPATH" value="no" />
    <property name="java.vm.name" value="Java HotSpot(TM) 64-Bit Server VM" />
    <property name="ant.core.lib" value="C:\Program Files\apache-ant-1.10.13\lib\ant.jar" />
    <property name="java.vendor.url.bug" value="https://bugreport.java.com/bugreport/" />
    <property name="user.dir" value="C:\Users\Ryan\Brandeis\Sieve_of_Eratosthenes_Jenkins" />
    <property name="env.RlsSvcPort" value="22112" />
    <property name="env.USERNAME" value="Ryan" />
    <property name="os.arch" value="amd64" />
    <property name="target" value="11" />
    <property name="env.ProgramFiles(x86)" value="C:\Program Files (x86)" />
    <property name="env.AMDRMSDKPATH" value="C:\Program Files\AMD\RyzenMasterSDK\" />
    <property name="env.ANT_OPTS" value=" -Djava.security.manager=allow" />
    <property name="java.vm.info" value="mixed mode, sharing" />
    <property name="java.vm.version" value="18.0.2+9-61" />
    <property name="env.TEMP" value="C:\Users\Ryan\AppData\Local\Temp" />
    <property name="java.class.version" value="62.0" />
    <property name="env.OneDrive" value="C:\Users\Ryan\OneDrive" />
    <property name="ant.project.default-target" value="build" />
  </properties>
  <testcase classname="tests.PrimeNumberTest" name="test" time="0.002" />
  <system-out><![CDATA[This is the testcase in this class
]]></system-out>
  <system-err><![CDATA[]]></system-err>
</testsuite>
